<?xml version="1.0" encoding="UTF-8"?>
<!-- Generated by org.testng.reporters.JUnitReportReporter -->
<testsuite hostname="DESKTOP-VL2N6EH" failures="0" tests="1" name="Day_003_Locators.TC02_name" time="17.348" errors="0" timestamp="2020-02-25T20:08:52 IST" skipped="0">
  <testcase classname="Day_003_Locators.TC02_name" name="Test2" time="17.348"/>
</testsuite> <!-- Day_003_Locators.TC02_name -->
