<?xml version="1.0" encoding="UTF-8"?>
<!-- Generated by org.testng.reporters.JUnitReportReporter -->
<testsuite hostname="DESKTOP-VL2N6EH" failures="0" tests="1" name="Day_024_Advanced_Xpaths.TC008_Child" time="29.094" errors="0" timestamp="2020-02-29T10:49:47 IST" skipped="0">
  <testcase classname="Day_024_Advanced_Xpaths.TC008_Child" name="Test1" time="29.094"/>
</testsuite> <!-- Day_024_Advanced_Xpaths.TC008_Child -->
