<?xml version="1.0" encoding="UTF-8"?>
<!-- Generated by org.testng.reporters.JUnitReportReporter -->
<testsuite hostname="DESKTOP-VL2N6EH" failures="0" tests="1" name="Day_016_ParallelClasses.OrangeHRMTest" time="17.547" errors="0" timestamp="2020-02-24T20:15:26 IST" skipped="0">
  <testcase classname="Day_016_ParallelClasses.OrangeHRMTest" name="Open_OrangeHRM" time="17.547"/>
</testsuite> <!-- Day_016_ParallelClasses.OrangeHRMTest -->
