<?xml version="1.0" encoding="UTF-8"?>
<!-- Generated by org.testng.reporters.JUnitReportReporter -->
<testsuite hostname="DESKTOP-VL2N6EH" failures="0" tests="1" name="Day_033_TestNG_Annotations.AllTests" time="0.005" errors="0" timestamp="2020-02-27T22:10:47 IST" skipped="0">
  <testcase classname="Day_033_TestNG_Annotations.AllTests" name="Test4" time="0.005"/>
</testsuite> <!-- Day_033_TestNG_Annotations.AllTests -->
