<?xml version="1.0" encoding="UTF-8"?>
<!-- Generated by org.testng.reporters.JUnitReportReporter -->
<testsuite hostname="DESKTOP-VL2N6EH" failures="0" tests="1" name="Day_025_ExcelUtil_Apache_POI.TC07_Excel_Test_xlsx2" time="25.752" errors="0" timestamp="2020-02-29T10:42:46 IST" skipped="0">
  <testcase classname="Day_025_ExcelUtil_Apache_POI.TC07_Excel_Test_xlsx2" name="hello" time="25.752"/>
</testsuite> <!-- Day_025_ExcelUtil_Apache_POI.TC07_Excel_Test_xlsx2 -->
