<?xml version="1.0" encoding="UTF-8"?>
<!-- Generated by org.testng.reporters.JUnitReportReporter -->
<testsuite hostname="DESKTOP-VL2N6EH" failures="0" tests="1" name="Day_35_Execute_Failed_TestCases.MercuryTest" time="14.126" errors="0" timestamp="2020-02-27T22:12:45 IST" skipped="0">
  <testcase classname="Day_35_Execute_Failed_TestCases.MercuryTest" name="Open_Mercury" time="14.126"/>
</testsuite> <!-- Day_35_Execute_Failed_TestCases.MercuryTest -->
