<?xml version="1.0" encoding="UTF-8"?>
<!-- Generated by org.testng.reporters.JUnitReportReporter -->
<testsuite hostname="DESKTOP-VL2N6EH" failures="0" tests="1" name="Day_43_Smart_Search.TC014_Startswith" time="19.395" errors="0" timestamp="2020-02-11T20:55:44 IST" skipped="0">
  <testcase classname="Day_43_Smart_Search.TC014_Startswith" name="Test1" time="19.395"/>
</testsuite> <!-- Day_43_Smart_Search.TC014_Startswith -->
