<?xml version="1.0" encoding="UTF-8"?>
<!-- Generated by org.testng.reporters.JUnitReportReporter -->
<testsuite hostname="DESKTOP-VL2N6EH" failures="0" tests="2" name="Day_014_ParallelMethods.AllTests" time="33.275" errors="0" timestamp="2020-02-24T20:09:12 IST" skipped="0">
  <testcase classname="Day_014_ParallelMethods.AllTests" name="Mercury" time="15.296"/>
  <testcase classname="Day_014_ParallelMethods.AllTests" name="OrangeHRM" time="17.979"/>
</testsuite> <!-- Day_014_ParallelMethods.AllTests -->
