<?xml version="1.0" encoding="UTF-8"?>
<!-- Generated by org.testng.reporters.JUnitReportReporter -->
<testsuite hostname="DESKTOP-VL2N6EH" failures="0" tests="1" name="Day_009_Extent_Reports.ExtentReport_Test" time="20.413" errors="0" timestamp="2020-02-11T20:04:14 IST" skipped="0">
  <testcase classname="Day_009_Extent_Reports.ExtentReport_Test" name="Report3_Test" time="20.413"/>
</testsuite> <!-- Day_009_Extent_Reports.ExtentReport_Test -->
