<?xml version="1.0" encoding="UTF-8"?>
<!-- Generated by org.testng.reporters.JUnitReportReporter -->
<testsuite hostname="DESKTOP-VL2N6EH" failures="0" tests="6" name="Day_017_Priorities_Test.TC02_Without_Priority" time="34.724" errors="0" timestamp="2020-02-25T20:25:31 IST" skipped="0">
  <testcase classname="Day_017_Priorities_Test.TC02_Without_Priority" name="Test4_Addnatialities" time="6.176"/>
  <testcase classname="Day_017_Priorities_Test.TC02_Without_Priority" name="Test6_closebrowser" time="0.723"/>
  <testcase classname="Day_017_Priorities_Test.TC02_Without_Priority" name="Test3_Login" time="2.702"/>
  <testcase classname="Day_017_Priorities_Test.TC02_Without_Priority" name="Test1_OpenChromeBrowser" time="11.737"/>
  <testcase classname="Day_017_Priorities_Test.TC02_Without_Priority" name="Test2_OpenOrangeHRM" time="2.979"/>
  <testcase classname="Day_017_Priorities_Test.TC02_Without_Priority" name="Test5_Logout" time="10.407"/>
</testsuite> <!-- Day_017_Priorities_Test.TC02_Without_Priority -->
