<?xml version="1.0" encoding="UTF-8"?>
<!-- Generated by org.testng.reporters.JUnitReportReporter -->
<testsuite hostname="DESKTOP-VL2N6EH" failures="0" tests="1" name="Day_35_Execute_Failed_TestCases.OrangeHRMTest" time="14.440" errors="0" timestamp="2020-02-27T22:14:25 IST" skipped="0">
  <testcase classname="Day_35_Execute_Failed_TestCases.OrangeHRMTest" name="Open_OrangeHRM" time="14.440"/>
</testsuite> <!-- Day_35_Execute_Failed_TestCases.OrangeHRMTest -->
