<?xml version="1.0" encoding="UTF-8"?>
<!-- Generated by org.testng.reporters.JUnitReportReporter -->
<testsuite hostname="DESKTOP-VL2N6EH" failures="0" tests="1" name="ABC_Demo6.TC01_Login" time="17.319" errors="0" timestamp="2020-02-11T21:39:08 IST" skipped="0">
  <testcase classname="ABC_Demo6.TC01_Login" name="login_Test" time="17.319"/>
</testsuite> <!-- ABC_Demo6.TC01_Login -->
