<?xml version="1.0" encoding="UTF-8"?>
<!-- Generated by org.testng.reporters.JUnitReportReporter -->
<testsuite hostname="DESKTOP-VL2N6EH" failures="0" tests="1" name="Day_39_Date_Time_Picker.Date_Picker" time="22.029" errors="0" timestamp="2020-02-21T21:15:32 IST" skipped="0">
  <testcase classname="Day_39_Date_Time_Picker.Date_Picker" name="Test2" time="22.029"/>
</testsuite> <!-- Day_39_Date_Time_Picker.Date_Picker -->
