<?xml version="1.0" encoding="UTF-8"?>
<!-- Generated by org.testng.reporters.JUnitReportReporter -->
<testsuite hostname="DESKTOP-VL2N6EH" failures="0" tests="1" name="Day_018_Waits.TC01_Explicit_Wait" time="23.487" errors="0" timestamp="2020-02-17T20:33:09 IST" skipped="0">
  <testcase classname="Day_018_Waits.TC01_Explicit_Wait" name="Login_Test" time="23.487"/>
</testsuite> <!-- Day_018_Waits.TC01_Explicit_Wait -->
