<?xml version="1.0" encoding="UTF-8"?>
<!-- Generated by org.testng.reporters.JUnitReportReporter -->
<testsuite hostname="DESKTOP-VL2N6EH" failures="0" tests="6" name="Day_017_Priorities_Test.TC01_Priority_Order" time="25.400" errors="0" timestamp="2020-02-25T20:23:40 IST" skipped="0">
  <testcase classname="Day_017_Priorities_Test.TC01_Priority_Order" name="Test1_OpenChromeBrowser" time="11.376"/>
  <testcase classname="Day_017_Priorities_Test.TC01_Priority_Order" name="Test2_OpenOrangeHRM" time="3.123"/>
  <testcase classname="Day_017_Priorities_Test.TC01_Priority_Order" name="Test3_Login" time="2.389"/>
  <testcase classname="Day_017_Priorities_Test.TC01_Priority_Order" name="Test4_Addnatialities" time="5.679"/>
  <testcase classname="Day_017_Priorities_Test.TC01_Priority_Order" name="Test5_Logout" time="1.776"/>
  <testcase classname="Day_017_Priorities_Test.TC01_Priority_Order" name="Test6_closebrowser" time="1.057"/>
</testsuite> <!-- Day_017_Priorities_Test.TC01_Priority_Order -->
