<?xml version="1.0" encoding="UTF-8"?>
<!-- Generated by org.testng.reporters.JUnitReportReporter -->
<testsuite hostname="DESKTOP-VL2N6EH" failures="0" tests="1" name="Day_003_Locators.TC08_tagName" time="17.571" errors="0" timestamp="2020-02-26T19:55:42 IST" skipped="0">
  <testcase classname="Day_003_Locators.TC08_tagName" name="Test2" time="17.571"/>
</testsuite> <!-- Day_003_Locators.TC08_tagName -->
