<?xml version="1.0" encoding="UTF-8"?>
<!-- Generated by org.testng.reporters.JUnitReportReporter -->
<testsuite hostname="DESKTOP-VL2N6EH" failures="0" tests="1" name="Day_023_File_Upload_Download.TC04_FileDownLoad" time="30.195" errors="0" timestamp="2020-02-24T07:50:11 IST" skipped="0">
  <testcase classname="Day_023_File_Upload_Download.TC04_FileDownLoad" name="File_Download" time="30.195"/>
</testsuite> <!-- Day_023_File_Upload_Download.TC04_FileDownLoad -->
