<?xml version="1.0" encoding="UTF-8"?>
<!-- Generated by org.testng.reporters.JUnitReportReporter -->
<testsuite hostname="DESKTOP-VL2N6EH" failures="0" tests="1" name="Day_37_BrokenLinks.BrokenLinks" time="21.188" errors="0" timestamp="2020-02-11T20:46:33 IST" skipped="0">
  <testcase classname="Day_37_BrokenLinks.BrokenLinks" name="Open_OrangeHRM" time="21.188"/>
</testsuite> <!-- Day_37_BrokenLinks.BrokenLinks -->
