<?xml version="1.0" encoding="UTF-8"?>
<!-- Generated by org.testng.reporters.JUnitReportReporter -->
<testsuite hostname="DESKTOP-VL2N6EH" failures="0" tests="1" name="Day_026_TakeScreenShot.Test4" time="20.361" errors="0" timestamp="2020-02-27T21:58:16 IST" skipped="0">
  <testcase classname="Day_026_TakeScreenShot.Test4" name="AddNationalitiess" time="20.361"/>
</testsuite> <!-- Day_026_TakeScreenShot.Test4 -->
