<?xml version="1.0" encoding="UTF-8"?>
<!-- Generated by org.testng.reporters.JUnitReportReporter -->
<testsuite hostname="DESKTOP-VL2N6EH" failures="0" tests="1" name="Day_010_Custimize_EmailableReport_Lab1.TC01_Test" time="20.074" errors="0" timestamp="2020-02-11T19:57:13 IST" skipped="0">
  <testcase classname="Day_010_Custimize_EmailableReport_Lab1.TC01_Test" name="TC01_Report_Test" time="20.074"/>
</testsuite> <!-- Day_010_Custimize_EmailableReport_Lab1.TC01_Test -->
