<?xml version="1.0" encoding="UTF-8"?>
<!-- Generated by org.testng.reporters.JUnitReportReporter -->
<testsuite hostname="DESKTOP-VL2N6EH" failures="0" tests="1" name="Day_003_Locators.TC01_id" time="23.485" errors="0" timestamp="2020-02-19T01:13:21 IST" skipped="0">
  <testcase classname="Day_003_Locators.TC01_id" name="Test2" time="23.485"/>
</testsuite> <!-- Day_003_Locators.TC01_id -->
