<?xml version="1.0" encoding="UTF-8"?>
<!-- Generated by org.testng.reporters.JUnitReportReporter -->
<testsuite hostname="DESKTOP-VL2N6EH" failures="0" tests="1" name="Day_008_Emailable_Report.TestExample2_Browser" time="5.889" errors="0" timestamp="2020-02-11T19:44:20 IST" skipped="0">
  <testcase classname="Day_008_Emailable_Report.TestExample2_Browser" name="Test2" time="5.889"/>
</testsuite> <!-- Day_008_Emailable_Report.TestExample2_Browser -->
