<?xml version="1.0" encoding="UTF-8"?>
<!-- Generated by org.testng.reporters.JUnitReportReporter -->
<testsuite hostname="DESKTOP-VL2N6EH" failures="0" tests="1" name="Day_003_Locators.TC04_linkText" time="20.097" errors="0" timestamp="2020-02-26T19:41:51 IST" skipped="0">
  <testcase classname="Day_003_Locators.TC04_linkText" name="testTC02" time="20.097"/>
</testsuite> <!-- Day_003_Locators.TC04_linkText -->
